<?xml version="1.0" encoding="UTF-8"?>
<!-- Generated by org.testng.reporters.JUnitXMLReporter -->
<testsuite hostname="DESKTOP-HR354BH" ignored="8" name="Default test" tests="1" failures="0" timestamp="03 Apr 2018 16:38:13 GMT" time="5.249" errors="0">
  <testcase name="examineStyle" time="1.602" classname="com.nir.selenium.Chapter4"/>
  <testcase name="readText" time="0.0" classname="com.nir.selenium.Chapter4">
    <ignored/>
  </testcase> <!-- readText -->
  <testcase name="findTextOnPage" time="0.0" classname="com.nir.selenium.Chapter4">
    <ignored/>
  </testcase> <!-- findTextOnPage -->
  <testcase name="getElementAttribute" time="0.0" classname="com.nir.selenium.Chapter4">
    <ignored/>
  </testcase> <!-- getElementAttribute -->
  <testcase name="checkIfElementVisible" time="0.0" classname="com.nir.selenium.Chapter4">
    <ignored/>
  </testcase> <!-- checkIfElementVisible -->
  <testcase name="AssertTitle" time="0.0" classname="com.nir.selenium.Chapter4">
    <ignored/>
  </testcase> <!-- AssertTitle -->
  <testcase name="checkIfElementPresent" time="0.0" classname="com.nir.selenium.Chapter4">
    <ignored/>
  </testcase> <!-- checkIfElementPresent -->
  <testcase name="prefilledForm" time="0.0" classname="com.nir.selenium.Chapter4">
    <ignored/>
  </testcase> <!-- prefilledForm -->
  <testcase name="findElementByText" time="0.0" classname="com.nir.selenium.Chapter4">
    <ignored/>
  </testcase> <!-- findElementByText -->
</testsuite> <!-- Default test -->
