<?xml version="1.0" encoding="UTF-8"?>
<testng-results skipped="0" failed="0" ignored="8" total="9" passed="1">
  <reporter-output>
  </reporter-output>
  <suite name="Default suite" duration-ms="5249" started-at="2018-04-03T16:38:07Z" finished-at="2018-04-03T16:38:13Z">
    <groups>
    </groups>
    <test name="Default test" duration-ms="5249" started-at="2018-04-03T16:38:07Z" finished-at="2018-04-03T16:38:13Z">
      <class name="com.nir.selenium.Chapter4">
        <test-method status="PASS" signature="setUp()[pri:0, instance:com.nir.selenium.Chapter4@6043cd28]" name="setUp" is-config="true" duration-ms="3633" started-at="2018-04-03T19:38:07Z" finished-at="2018-04-03T19:38:11Z">
          <reporter-output>
          </reporter-output>
        </test-method> <!-- setUp -->
        <test-method status="PASS" signature="examineStyle()[pri:0, instance:com.nir.selenium.Chapter4@6043cd28]" name="examineStyle" duration-ms="1602" started-at="2018-04-03T19:38:11Z" finished-at="2018-04-03T19:38:13Z">
          <reporter-output>
          </reporter-output>
        </test-method> <!-- examineStyle -->
        <test-method status="PASS" signature="tear()[pri:0, instance:com.nir.selenium.Chapter4@6043cd28]" name="tear" is-config="true" duration-ms="0" started-at="2018-04-03T19:38:13Z" finished-at="2018-04-03T19:38:13Z">
          <reporter-output>
          </reporter-output>
        </test-method> <!-- tear -->
      </class> <!-- com.nir.selenium.Chapter4 -->
    </test> <!-- Default test -->
  </suite> <!-- Default suite -->
</testng-results>
