<?xml version="1.0" encoding="UTF-8"?>
<testng-results skipped="0" failed="1" ignored="2" total="3" passed="0">
  <reporter-output>
  </reporter-output>
  <suite name="Default suite" duration-ms="6838" started-at="2018-04-16T09:27:57Z" finished-at="2018-04-16T09:28:04Z">
    <groups>
    </groups>
    <test name="Default test" duration-ms="6838" started-at="2018-04-16T09:27:57Z" finished-at="2018-04-16T09:28:04Z">
      <class name="com.nir.selenium.popups">
        <test-method status="PASS" signature="setUp()[pri:0, instance:com.nir.selenium.popups@262b2c86]" name="setUp" is-config="true" duration-ms="3786" started-at="2018-04-16T12:27:57Z" finished-at="2018-04-16T12:28:01Z">
          <reporter-output>
          </reporter-output>
        </test-method> <!-- setUp -->
        <test-method status="FAIL" signature="demonstrateModal()[pri:0, instance:com.nir.selenium.popups@262b2c86]" name="demonstrateModal" duration-ms="3012" started-at="2018-04-16T12:28:01Z" finished-at="2018-04-16T12:28:04Z">
          <exception class="org.openqa.selenium.ElementNotVisibleException">
            <message>
              <![CDATA[element not visible  (Session info: chrome=65.0.3325.181)  (Driver info: chromedriver=2.37.544315 (730aa6a5fdba159ac9f4c1e8cbc59bf1b5ce12b7),platform=Windows NT 10.0.16299 x86_64) (WARNING: The server did not provide any stacktrace information)Command duration or timeout: 0 millisecondsBuild info: version: '3.8.1', revision: '6e95a6684b', time: '2017-12-01T18:33:54.468Z'System info: host: 'DESKTOP-HR354BH', ip: '10.10.35.131', os.name: 'Windows 10', os.arch: 'amd64', os.version: '10.0', java.version: '1.8.0_144'Driver info: org.openqa.selenium.firefox.FirefoxDriverCapabilities {acceptInsecureCerts: true, acceptSslCerts: true, applicationCacheEnabled: false, browserConnectionEnabled: false, browserName: chrome, chrome: {chromedriverVersion: 2.37.544315 (730aa6a5fdba15..., userDataDir: C:\Users\galln\AppData\Loca...}, cssSelectorsEnabled: true, databaseEnabled: false, handlesAlerts: true, hasTouchScreen: false, javascriptEnabled: true, locationContextEnabled: true, mobileEmulationEnabled: false, nativeEvents: true, networkConnectionEnabled: false, pageLoadStrategy: normal, platform: XP, platformName: XP, rotatable: false, setWindowRect: true, takesHeapSnapshot: true, takesScreenshot: true, unexpectedAlertBehaviour: , unhandledPromptBehavior: , version: 65.0.3325.181, webStorageEnabled: true}Session ID: 666e2e7cc5ca57065b9b5e3110d57113]]>
            </message>
            <full-stacktrace>
              <![CDATA[org.openqa.selenium.ElementNotVisibleException: element not visible  (Session info: chrome=65.0.3325.181)  (Driver info: chromedriver=2.37.544315 (730aa6a5fdba159ac9f4c1e8cbc59bf1b5ce12b7),platform=Windows NT 10.0.16299 x86_64) (WARNING: The server did not provide any stacktrace information)Command duration or timeout: 0 millisecondsBuild info: version: '3.8.1', revision: '6e95a6684b', time: '2017-12-01T18:33:54.468Z'System info: host: 'DESKTOP-HR354BH', ip: '10.10.35.131', os.name: 'Windows 10', os.arch: 'amd64', os.version: '10.0', java.version: '1.8.0_144'Driver info: org.openqa.selenium.firefox.FirefoxDriverCapabilities {acceptInsecureCerts: true, acceptSslCerts: true, applicationCacheEnabled: false, browserConnectionEnabled: false, browserName: chrome, chrome: {chromedriverVersion: 2.37.544315 (730aa6a5fdba15..., userDataDir: C:\Users\galln\AppData\Loca...}, cssSelectorsEnabled: true, databaseEnabled: false, handlesAlerts: true, hasTouchScreen: false, javascriptEnabled: true, locationContextEnabled: true, mobileEmulationEnabled: false, nativeEvents: true, networkConnectionEnabled: false, pageLoadStrategy: normal, platform: XP, platformName: XP, rotatable: false, setWindowRect: true, takesHeapSnapshot: true, takesScreenshot: true, unexpectedAlertBehaviour: , unhandledPromptBehavior: , version: 65.0.3325.181, webStorageEnabled: true}Session ID: 666e2e7cc5ca57065b9b5e3110d57113at sun.reflect.NativeConstructorAccessorImpl.newInstance0(Native Method)at sun.reflect.NativeConstructorAccessorImpl.newInstance(Unknown Source)at sun.reflect.DelegatingConstructorAccessorImpl.newInstance(Unknown Source)at java.lang.reflect.Constructor.newInstance(Unknown Source)at org.openqa.selenium.remote.ErrorHandler.createThrowable(ErrorHandler.java:214)at org.openqa.selenium.remote.ErrorHandler.throwIfResponseFailed(ErrorHandler.java:166)at org.openqa.selenium.remote.http.JsonHttpResponseCodec.reconstructValue(JsonHttpResponseCodec.java:40)at org.openqa.selenium.remote.http.AbstractHttpResponseCodec.decode(AbstractHttpResponseCodec.java:80)at org.openqa.selenium.remote.http.AbstractHttpResponseCodec.decode(AbstractHttpResponseCodec.java:44)at org.openqa.selenium.remote.HttpCommandExecutor.execute(HttpCommandExecutor.java:164)at org.openqa.selenium.remote.service.DriverCommandExecutor.execute(DriverCommandExecutor.java:83)at org.openqa.selenium.remote.RemoteWebDriver.execute(RemoteWebDriver.java:601)at org.openqa.selenium.remote.RemoteWebElement.execute(RemoteWebElement.java:279)at org.openqa.selenium.remote.RemoteWebElement.click(RemoteWebElement.java:83)at com.nir.selenium.BootstrapModal.dismiss(BootstrapModal.java:20)at com.nir.selenium.popups.demonstrateModal(popups.java:68)at sun.reflect.NativeMethodAccessorImpl.invoke0(Native Method)at sun.reflect.NativeMethodAccessorImpl.invoke(Unknown Source)at sun.reflect.DelegatingMethodAccessorImpl.invoke(Unknown Source)at java.lang.reflect.Method.invoke(Unknown Source)at org.testng.internal.MethodInvocationHelper.invokeMethod(MethodInvocationHelper.java:124)at org.testng.internal.Invoker.invokeMethod(Invoker.java:571)at org.testng.internal.Invoker.invokeTestMethod(Invoker.java:707)at org.testng.internal.Invoker.invokeTestMethods(Invoker.java:979)at org.testng.internal.TestMethodWorker.invokeTestMethods(TestMethodWorker.java:125)at org.testng.internal.TestMethodWorker.run(TestMethodWorker.java:109)at org.testng.TestRunner.privateRun(TestRunner.java:648)at org.testng.TestRunner.run(TestRunner.java:505)at org.testng.SuiteRunner.runTest(SuiteRunner.java:455)at org.testng.SuiteRunner.runSequentially(SuiteRunner.java:450)at org.testng.SuiteRunner.privateRun(SuiteRunner.java:415)at org.testng.SuiteRunner.run(SuiteRunner.java:364)at org.testng.SuiteRunnerWorker.runSuite(SuiteRunnerWorker.java:52)at org.testng.SuiteRunnerWorker.run(SuiteRunnerWorker.java:84)at org.testng.TestNG.runSuitesSequentially(TestNG.java:1187)at org.testng.TestNG.runSuitesLocally(TestNG.java:1116)at org.testng.TestNG.runSuites(TestNG.java:1028)at org.testng.TestNG.run(TestNG.java:996)at org.testng.remote.AbstractRemoteTestNG.run(AbstractRemoteTestNG.java:114)at org.testng.remote.RemoteTestNG.initAndRun(RemoteTestNG.java:251)at org.testng.remote.RemoteTestNG.main(RemoteTestNG.java:77)]]>
            </full-stacktrace>
          </exception> <!-- org.openqa.selenium.ElementNotVisibleException -->
          <reporter-output>
          </reporter-output>
        </test-method> <!-- demonstrateModal -->
        <test-method status="PASS" signature="tear()[pri:0, instance:com.nir.selenium.popups@262b2c86]" name="tear" is-config="true" duration-ms="1" started-at="2018-04-16T12:28:04Z" finished-at="2018-04-16T12:28:04Z">
          <reporter-output>
          </reporter-output>
        </test-method> <!-- tear -->
      </class> <!-- com.nir.selenium.popups -->
    </test> <!-- Default test -->
  </suite> <!-- Default suite -->
</testng-results>
